Arguments: 
  C:\Program Files\nodejs\node.exe C:\Users\Theodosia\AppData\Roaming\npm\node_modules\yarn\bin\yarn.js start

PATH: 
  C:\Users\Theodosia\AppData\Roaming\npm;C:\Program Files\nodejs\;C:\Program Files (x86)\Common Files\Oracle\Java\javapath;C:\ProgramData\Oracle\Java\javapath;c:\program files (x86)\graphicsmagick-1.3.23-q16;C:\Program Files (x86)\Intel\iCLS Client\;C:\Program Files\Intel\iCLS Client\;C:\Windows\system32;C:\Windows;C:\Windows\System32\Wbem;C:\Windows\System32\WindowsPowerShell\v1.0\;C:\Program Files (x86)\Common Files\lenovo\easyplussdk\bin;C:\Program Files (x86)\Intel\Intel(R) Management Engine Components\DAL;C:\Program Files\Intel\Intel(R) Management Engine Components\DAL;C:\Program Files (x86)\Intel\Intel(R) Management Engine Components\IPT;C:\Program Files\Intel\Intel(R) Management Engine Components\IPT;C:\Program Files (x86)\QuickTime\QTSystem\;C:\WINDOWS\system32;C:\WINDOWS;C:\WINDOWS\System32\Wbem;C:\WINDOWS\System32\WindowsPowerShell\v1.0\;C:\WINDOWS\System32\OpenSSH\;C:\Program Files\nodejs\;C:\Program Files\Git\cmd;C:\ProgramData\chocolatey\bin;;C:\Program Files\Microsoft VS Code\bin;C:\Users\Theodosia\AppData\Local\Microsoft\WindowsApps;C:\Users\Theodosia\AppData\Local\atom\bin;C:\Users\Theodosia\AppData\Roaming\npm;C:\Program Files\Microsoft VS Code\bin;C:\Program Files\Docker Toolbox

Yarn version: 
  1.12.3

Node version: 
  10.1.0

Platform: 
  win32 x64

Trace: 
  SyntaxError: C:\Users\Theodosia\Desktop\recipes\package.json: Unexpected string in JSON at position 160
      at JSON.parse (<anonymous>)
      at C:\Users\Theodosia\AppData\Roaming\npm\node_modules\yarn\lib\cli.js:1631:59
      at Generator.next (<anonymous>)
      at step (C:\Users\Theodosia\AppData\Roaming\npm\node_modules\yarn\lib\cli.js:304:30)
      at C:\Users\Theodosia\AppData\Roaming\npm\node_modules\yarn\lib\cli.js:315:13
      at run (C:\Users\Theodosia\AppData\Roaming\npm\node_modules\yarn\lib\cli.js:104078:22)
      at C:\Users\Theodosia\AppData\Roaming\npm\node_modules\yarn\lib\cli.js:104095:30
      at flush (C:\Users\Theodosia\AppData\Roaming\npm\node_modules\yarn\lib\cli.js:103579:9)
      at process._tickCallback (internal/process/next_tick.js:61:11)

npm manifest: 
  {
    "name": "recipes",
    "version": "1.0.0",
    "description": "test program",
    "main": "index.js",
    "author": "connie.hirsch@gmail.com",
    "license": "yes"
    "scripts": {
      "start" : "node ./index"
    }
  }

yarn manifest: 
  No manifest

Lockfile: 
  No lockfile
